{"code":500,"level":"error","message":"Internal server error Internal server error","stack":"Error: Internal server error\n    at getRecentTransactions (D:\\Projects\\Hatchaways\\team-rosemary\\server\\controllers\\users-controller.js:236:23)\n    at runMicrotasks (<anonymous>)\n    at processTicksAndRejections (internal/process/task_queues.js:93:5)"}
{"message":"Listening on port 5000...","level":"info"}
{"message":"Connected to MongoDB...","level":"info"}
{"level":"error","message":"transactions is not defined transactions is not defined","stack":"ReferenceError: transactions is not defined\n    at getRecentTransactions (D:\\Projects\\Hatchaways\\team-rosemary\\server\\controllers\\users-controller.js:215:21)\n    at processTicksAndRejections (internal/process/task_queues.js:93:5)"}
{"message":"Listening on port 5000...","level":"info"}
{"message":"Connected to MongoDB...","level":"info"}
{"message":"Listening on port 5000...","level":"info"}
{"message":"Connected to MongoDB...","level":"info"}
{"message":"Listening on port 5000...","level":"info"}
{"message":"Connected to MongoDB...","level":"info"}
{"message":"Listening on port 5000...","level":"info"}
{"message":"Connected to MongoDB...","level":"info"}
{"message":"Listening on port 5000...","level":"info"}
{"message":"Connected to MongoDB...","level":"info"}
{"message":"Listening on port 5000...","level":"info"}
{"message":"Connected to MongoDB...","level":"info"}
{"message":"Listening on port 5000...","level":"info"}
{"message":"Connected to MongoDB...","level":"info"}
{"message":"Listening on port 5000...","level":"info"}
{"message":"Connected to MongoDB...","level":"info"}
{"message":"Listening on port 5000...","level":"info"}
{"message":"Connected to MongoDB...","level":"info"}
{"message":"Listening on port 5000...","level":"info"}
{"level":"error","message":"HttpError is not defined HttpError is not defined","stack":"ReferenceError: HttpError is not defined\n    at D:\\Github\\team-rosemary\\server\\startup\\routes.js:35:23\n    at newFn (D:\\Github\\team-rosemary\\server\\node_modules\\express-async-errors\\index.js:16:20)\n    at Layer.handle [as handle_request] (D:\\Github\\team-rosemary\\server\\node_modules\\express\\lib\\router\\layer.js:95:5)\n    at trim_prefix (D:\\Github\\team-rosemary\\server\\node_modules\\express\\lib\\router\\index.js:317:13)\n    at D:\\Github\\team-rosemary\\server\\node_modules\\express\\lib\\router\\index.js:284:7\n    at Function.process_params (D:\\Github\\team-rosemary\\server\\node_modules\\express\\lib\\router\\index.js:335:12)\n    at next (D:\\Github\\team-rosemary\\server\\node_modules\\express\\lib\\router\\index.js:275:10)\n    at D:\\Github\\team-rosemary\\server\\node_modules\\express\\lib\\router\\index.js:635:15\n    at next (D:\\Github\\team-rosemary\\server\\node_modules\\express\\lib\\router\\index.js:260:14)\n    at module.exports (D:\\Github\\team-rosemary\\server\\middleware\\check-auth.js:13:5)\n    at newFn (D:\\Github\\team-rosemary\\server\\node_modules\\express-async-errors\\index.js:16:20)\n    at Layer.handle [as handle_request] (D:\\Github\\team-rosemary\\server\\node_modules\\express\\lib\\router\\layer.js:95:5)\n    at trim_prefix (D:\\Github\\team-rosemary\\server\\node_modules\\express\\lib\\router\\index.js:317:13)\n    at D:\\Github\\team-rosemary\\server\\node_modules\\express\\lib\\router\\index.js:284:7\n    at Function.process_params (D:\\Github\\team-rosemary\\server\\node_modules\\express\\lib\\router\\index.js:335:12)\n    at next (D:\\Github\\team-rosemary\\server\\node_modules\\express\\lib\\router\\index.js:275:10)"}
{"message":"Connected to MongoDB...","level":"info"}
{"message":"Listening on port 5000...","level":"info"}
{"message":"Connected to MongoDB...","level":"info"}
{"message":"Listening on port 5000...","level":"info"}
{"message":"Connected to MongoDB...","level":"info"}
{"stringValue":"\"null\"","kind":"ObjectId","value":"null","path":"_id","reason":{},"level":"error","message":"Cast to ObjectId failed for value \"null\" at path \"_id\" for model \"User\" Cast to ObjectId failed for value \"null\" at path \"_id\" for model \"User\"","stack":"CastError: Cast to ObjectId failed for value \"null\" at path \"_id\" for model \"User\"\n    at model.Query.exec (D:\\Github\\team-rosemary\\server\\node_modules\\mongoose\\lib\\query.js:4351:21)\n    at model.Query.Query.then (D:\\Github\\team-rosemary\\server\\node_modules\\mongoose\\lib\\query.js:4443:15)"}
{"stringValue":"\"null\"","kind":"ObjectId","value":"null","path":"_id","reason":{},"level":"error","message":"Cast to ObjectId failed for value \"null\" at path \"_id\" for model \"User\" Cast to ObjectId failed for value \"null\" at path \"_id\" for model \"User\"","stack":"CastError: Cast to ObjectId failed for value \"null\" at path \"_id\" for model \"User\"\n    at model.Query.exec (D:\\Github\\team-rosemary\\server\\node_modules\\mongoose\\lib\\query.js:4351:21)\n    at model.Query.Query.then (D:\\Github\\team-rosemary\\server\\node_modules\\mongoose\\lib\\query.js:4443:15)"}
{"code":500,"level":"error","message":"Internal server error Internal server error","stack":"Error: Internal server error\n    at getMonthlyTransactions (D:\\Github\\team-rosemary\\server\\controllers\\chart-controller.js:57:19)\n    at runMicrotasks (<anonymous>)\n    at processTicksAndRejections (internal/process/task_queues.js:94:5)"}
{"stringValue":"\"null\"","kind":"ObjectId","value":"null","path":"_id","reason":{},"level":"error","message":"Cast to ObjectId failed for value \"null\" at path \"_id\" for model \"User\" Cast to ObjectId failed for value \"null\" at path \"_id\" for model \"User\"","stack":"CastError: Cast to ObjectId failed for value \"null\" at path \"_id\" for model \"User\"\n    at model.Query.exec (D:\\Github\\team-rosemary\\server\\node_modules\\mongoose\\lib\\query.js:4351:21)\n    at model.Query.Query.then (D:\\Github\\team-rosemary\\server\\node_modules\\mongoose\\lib\\query.js:4443:15)"}
{"stringValue":"\"null\"","kind":"ObjectId","value":"null","path":"_id","reason":{},"level":"error","message":"Cast to ObjectId failed for value \"null\" at path \"_id\" for model \"User\" Cast to ObjectId failed for value \"null\" at path \"_id\" for model \"User\"","stack":"CastError: Cast to ObjectId failed for value \"null\" at path \"_id\" for model \"User\"\n    at model.Query.exec (D:\\Github\\team-rosemary\\server\\node_modules\\mongoose\\lib\\query.js:4351:21)\n    at model.Query.Query.then (D:\\Github\\team-rosemary\\server\\node_modules\\mongoose\\lib\\query.js:4443:15)"}
{"code":500,"level":"error","message":"Internal server error Internal server error","stack":"Error: Internal server error\n    at getMonthlyTransactions (D:\\Github\\team-rosemary\\server\\controllers\\chart-controller.js:57:19)\n    at runMicrotasks (<anonymous>)\n    at processTicksAndRejections (internal/process/task_queues.js:94:5)"}
{"stringValue":"\"null\"","kind":"ObjectId","value":"null","path":"_id","reason":{},"level":"error","message":"Cast to ObjectId failed for value \"null\" at path \"_id\" for model \"User\" Cast to ObjectId failed for value \"null\" at path \"_id\" for model \"User\"","stack":"CastError: Cast to ObjectId failed for value \"null\" at path \"_id\" for model \"User\"\n    at model.Query.exec (D:\\Github\\team-rosemary\\server\\node_modules\\mongoose\\lib\\query.js:4351:21)\n    at model.Query.Query.then (D:\\Github\\team-rosemary\\server\\node_modules\\mongoose\\lib\\query.js:4443:15)"}
{"stringValue":"\"null\"","kind":"ObjectId","value":"null","path":"_id","reason":{},"level":"error","message":"Cast to ObjectId failed for value \"null\" at path \"_id\" for model \"User\" Cast to ObjectId failed for value \"null\" at path \"_id\" for model \"User\"","stack":"CastError: Cast to ObjectId failed for value \"null\" at path \"_id\" for model \"User\"\n    at model.Query.exec (D:\\Github\\team-rosemary\\server\\node_modules\\mongoose\\lib\\query.js:4351:21)\n    at model.Query.Query.then (D:\\Github\\team-rosemary\\server\\node_modules\\mongoose\\lib\\query.js:4443:15)"}
{"code":500,"level":"error","message":"Internal server error Internal server error","stack":"Error: Internal server error\n    at getMonthlyTransactions (D:\\Github\\team-rosemary\\server\\controllers\\chart-controller.js:57:19)\n    at runMicrotasks (<anonymous>)\n    at processTicksAndRejections (internal/process/task_queues.js:94:5)"}
{"stringValue":"\"null\"","kind":"ObjectId","value":"null","path":"_id","reason":{},"level":"error","message":"Cast to ObjectId failed for value \"null\" at path \"_id\" for model \"User\" Cast to ObjectId failed for value \"null\" at path \"_id\" for model \"User\"","stack":"CastError: Cast to ObjectId failed for value \"null\" at path \"_id\" for model \"User\"\n    at model.Query.exec (D:\\Github\\team-rosemary\\server\\node_modules\\mongoose\\lib\\query.js:4351:21)\n    at model.Query.Query.then (D:\\Github\\team-rosemary\\server\\node_modules\\mongoose\\lib\\query.js:4443:15)"}
{"stringValue":"\"null\"","kind":"ObjectId","value":"null","path":"_id","reason":{},"level":"error","message":"Cast to ObjectId failed for value \"null\" at path \"_id\" for model \"User\" Cast to ObjectId failed for value \"null\" at path \"_id\" for model \"User\"","stack":"CastError: Cast to ObjectId failed for value \"null\" at path \"_id\" for model \"User\"\n    at model.Query.exec (D:\\Github\\team-rosemary\\server\\node_modules\\mongoose\\lib\\query.js:4351:21)\n    at model.Query.Query.then (D:\\Github\\team-rosemary\\server\\node_modules\\mongoose\\lib\\query.js:4443:15)"}
{"code":500,"level":"error","message":"Internal server error Internal server error","stack":"Error: Internal server error\n    at getMonthlyTransactions (D:\\Github\\team-rosemary\\server\\controllers\\chart-controller.js:57:19)\n    at runMicrotasks (<anonymous>)\n    at processTicksAndRejections (internal/process/task_queues.js:94:5)"}
{"stringValue":"\"null\"","kind":"ObjectId","value":"null","path":"_id","reason":{},"level":"error","message":"Cast to ObjectId failed for value \"null\" at path \"_id\" for model \"User\" Cast to ObjectId failed for value \"null\" at path \"_id\" for model \"User\"","stack":"CastError: Cast to ObjectId failed for value \"null\" at path \"_id\" for model \"User\"\n    at model.Query.exec (D:\\Github\\team-rosemary\\server\\node_modules\\mongoose\\lib\\query.js:4351:21)\n    at model.Query.Query.then (D:\\Github\\team-rosemary\\server\\node_modules\\mongoose\\lib\\query.js:4443:15)"}
{"stringValue":"\"null\"","kind":"ObjectId","value":"null","path":"_id","reason":{},"level":"error","message":"Cast to ObjectId failed for value \"null\" at path \"_id\" for model \"User\" Cast to ObjectId failed for value \"null\" at path \"_id\" for model \"User\"","stack":"CastError: Cast to ObjectId failed for value \"null\" at path \"_id\" for model \"User\"\n    at model.Query.exec (D:\\Github\\team-rosemary\\server\\node_modules\\mongoose\\lib\\query.js:4351:21)\n    at model.Query.Query.then (D:\\Github\\team-rosemary\\server\\node_modules\\mongoose\\lib\\query.js:4443:15)"}
{"code":500,"level":"error","message":"Internal server error Internal server error","stack":"Error: Internal server error\n    at getMonthlyTransactions (D:\\Github\\team-rosemary\\server\\controllers\\chart-controller.js:57:19)\n    at runMicrotasks (<anonymous>)\n    at processTicksAndRejections (internal/process/task_queues.js:94:5)"}
{"stringValue":"\"null\"","kind":"ObjectId","value":"null","path":"_id","reason":{},"level":"error","message":"Cast to ObjectId failed for value \"null\" at path \"_id\" for model \"User\" Cast to ObjectId failed for value \"null\" at path \"_id\" for model \"User\"","stack":"CastError: Cast to ObjectId failed for value \"null\" at path \"_id\" for model \"User\"\n    at model.Query.exec (D:\\Github\\team-rosemary\\server\\node_modules\\mongoose\\lib\\query.js:4351:21)\n    at model.Query.Query.then (D:\\Github\\team-rosemary\\server\\node_modules\\mongoose\\lib\\query.js:4443:15)"}
{"stringValue":"\"null\"","kind":"ObjectId","value":"null","path":"_id","reason":{},"level":"error","message":"Cast to ObjectId failed for value \"null\" at path \"_id\" for model \"User\" Cast to ObjectId failed for value \"null\" at path \"_id\" for model \"User\"","stack":"CastError: Cast to ObjectId failed for value \"null\" at path \"_id\" for model \"User\"\n    at model.Query.exec (D:\\Github\\team-rosemary\\server\\node_modules\\mongoose\\lib\\query.js:4351:21)\n    at model.Query.Query.then (D:\\Github\\team-rosemary\\server\\node_modules\\mongoose\\lib\\query.js:4443:15)"}
{"code":500,"level":"error","message":"Internal server error Internal server error","stack":"Error: Internal server error\n    at getMonthlyTransactions (D:\\Github\\team-rosemary\\server\\controllers\\chart-controller.js:57:19)\n    at runMicrotasks (<anonymous>)\n    at processTicksAndRejections (internal/process/task_queues.js:94:5)"}
